Determining if the function sgemm_ exists failed with the following output:
Change Dir: /home/qcraft/colmap_test/colmap/build/CMakeFiles/CMakeTmp

Run Build Command(s):/usr/bin/gmake -f Makefile cmTC_97256/fast && /usr/bin/gmake  -f CMakeFiles/cmTC_97256.dir/build.make CMakeFiles/cmTC_97256.dir/build
gmake[1]: 进入目录“/home/qcraft/colmap_test/colmap/build/CMakeFiles/CMakeTmp”
Building C object CMakeFiles/cmTC_97256.dir/CheckFunctionExists.c.o
/usr/bin/cc   -DCHECK_FUNCTION_EXISTS=sgemm_ -o CMakeFiles/cmTC_97256.dir/CheckFunctionExists.c.o -c /usr/share/cmake-3.22/Modules/CheckFunctionExists.c
Linking C executable cmTC_97256
/usr/bin/cmake -E cmake_link_script CMakeFiles/cmTC_97256.dir/link.txt --verbose=1
/usr/bin/cc  -DCHECK_FUNCTION_EXISTS=sgemm_ -rdynamic CMakeFiles/cmTC_97256.dir/CheckFunctionExists.c.o -o cmTC_97256 
/usr/bin/ld: CMakeFiles/cmTC_97256.dir/CheckFunctionExists.c.o: in function `main':
CheckFunctionExists.c:(.text+0x14): undefined reference to `sgemm_'
collect2: error: ld returned 1 exit status
gmake[1]: *** [CMakeFiles/cmTC_97256.dir/build.make:99：cmTC_97256] 错误 1
gmake[1]: 离开目录“/home/qcraft/colmap_test/colmap/build/CMakeFiles/CMakeTmp”
gmake: *** [Makefile:127：cmTC_97256/fast] 错误 2



Determining if the function cheev_ exists failed with the following output:
Change Dir: /home/qcraft/colmap_test/colmap/build/CMakeFiles/CMakeTmp

Run Build Command(s):/usr/bin/gmake -f Makefile cmTC_478de/fast && /usr/bin/gmake  -f CMakeFiles/cmTC_478de.dir/build.make CMakeFiles/cmTC_478de.dir/build
gmake[1]: 进入目录“/home/qcraft/colmap_test/colmap/build/CMakeFiles/CMakeTmp”
Building C object CMakeFiles/cmTC_478de.dir/CheckFunctionExists.c.o
/usr/bin/cc   -DCHECK_FUNCTION_EXISTS=cheev_ -o CMakeFiles/cmTC_478de.dir/CheckFunctionExists.c.o -c /usr/share/cmake-3.22/Modules/CheckFunctionExists.c
Linking C executable cmTC_478de
/usr/bin/cmake -E cmake_link_script CMakeFiles/cmTC_478de.dir/link.txt --verbose=1
/usr/bin/cc  -DCHECK_FUNCTION_EXISTS=cheev_ -rdynamic CMakeFiles/cmTC_478de.dir/CheckFunctionExists.c.o -o cmTC_478de  /usr/lib/x86_64-linux-gnu/libblas.so /usr/lib/x86_64-linux-gnu/libf77blas.so /usr/lib/x86_64-linux-gnu/libatlas.so -lm -ldl 
/usr/bin/ld: CMakeFiles/cmTC_478de.dir/CheckFunctionExists.c.o: in function `main':
CheckFunctionExists.c:(.text+0x14): undefined reference to `cheev_'
collect2: error: ld returned 1 exit status
gmake[1]: *** [CMakeFiles/cmTC_478de.dir/build.make:102：cmTC_478de] 错误 1
gmake[1]: 离开目录“/home/qcraft/colmap_test/colmap/build/CMakeFiles/CMakeTmp”
gmake: *** [Makefile:127：cmTC_478de/fast] 错误 2



Determining if the function cheev_ exists failed with the following output:
Change Dir: /home/qcraft/colmap_test/colmap/build/CMakeFiles/CMakeTmp

Run Build Command(s):/usr/bin/gmake -f Makefile cmTC_8718d/fast && /usr/bin/gmake  -f CMakeFiles/cmTC_8718d.dir/build.make CMakeFiles/cmTC_8718d.dir/build
gmake[1]: 进入目录“/home/qcraft/colmap_test/colmap/build/CMakeFiles/CMakeTmp”
Building C object CMakeFiles/cmTC_8718d.dir/CheckFunctionExists.c.o
/usr/bin/cc   -DCHECK_FUNCTION_EXISTS=cheev_ -o CMakeFiles/cmTC_8718d.dir/CheckFunctionExists.c.o -c /usr/share/cmake-3.22/Modules/CheckFunctionExists.c
Linking C executable cmTC_8718d
/usr/bin/cmake -E cmake_link_script CMakeFiles/cmTC_8718d.dir/link.txt --verbose=1
/usr/bin/cc  -DCHECK_FUNCTION_EXISTS=cheev_ -rdynamic CMakeFiles/cmTC_8718d.dir/CheckFunctionExists.c.o -o cmTC_8718d  /usr/lib/x86_64-linux-gnu/liblapack.so /usr/lib/x86_64-linux-gnu/libblas.so /usr/lib/x86_64-linux-gnu/libf77blas.so /usr/lib/x86_64-linux-gnu/libatlas.so -fortranlibs 
cc: error: unrecognized command-line option ‘-fortranlibs’
gmake[1]: *** [CMakeFiles/cmTC_8718d.dir/build.make:103：cmTC_8718d] 错误 1
gmake[1]: 离开目录“/home/qcraft/colmap_test/colmap/build/CMakeFiles/CMakeTmp”
gmake: *** [Makefile:127：cmTC_8718d/fast] 错误 2



